<?xml version="1.0" encoding="UTF-8"?>
<testng-results skipped="0" failed="0" ignored="0" total="1" passed="1">
  <reporter-output>
  </reporter-output>
  <suite name="Suite" duration-ms="40" started-at="2018-11-23T12:57:40Z" finished-at="2018-11-23T12:57:40Z">
    <groups>
    </groups>
    <test name="Test" duration-ms="40" started-at="2018-11-23T12:57:40Z" finished-at="2018-11-23T12:57:40Z">
      <class name="Assign3.Para">
        <test-method status="PASS" signature="para(java.lang.String)[pri:0, instance:Assign3.Para@1563da5]" name="para" duration-ms="20" started-at="2018-11-23T12:57:40Z" finished-at="2018-11-23T12:57:40Z">
          <params>
            <param index="0">
              <value>
                <![CDATA[Hello]]>
              </value>
            </param>
          </params>
          <reporter-output>
          </reporter-output>
        </test-method> <!-- para -->
      </class> <!-- Assign3.Para -->
    </test> <!-- Test -->
  </suite> <!-- Suite -->
</testng-results>
